{"/Users/michailsifakis/DevOps messenger project/my-messenger/backend/socket.js": {"path":"/Users/michailsifakis/DevOps messenger project/my-messenger/backend/socket.js","statementMap":{"0":{"start":{"line":1,"column":17},"end":{"line":1,"column":21}},"1":{"start":{"line":4,"column":2},"end":{"line":4,"column":18}},"2":{"start":{"line":8,"column":2},"end":{"line":8,"column":20}}},"fnMap":{"0":{"name":"setIO","decl":{"start":{"line":3,"column":16},"end":{"line":3,"column":21}},"loc":{"start":{"line":3,"column":26},"end":{"line":5,"column":1}},"line":3},"1":{"name":"getIO","decl":{"start":{"line":7,"column":16},"end":{"line":7,"column":21}},"loc":{"start":{"line":7,"column":24},"end":{"line":9,"column":1}},"line":7}},"branchMap":{},"s":{"0":1,"1":0,"2":11},"f":{"0":0,"1":11},"b":{},"inputSourceMap":null,"_coverageSchema":"1a1c01bbd47fc00a2c39e90264f33305004495a9","hash":"fcc4827ee43b39f8863cbe458bb2e103ef088370"}
,"/Users/michailsifakis/DevOps messenger project/my-messenger/backend/middleware/authMiddleware.js": {"path":"/Users/michailsifakis/DevOps messenger project/my-messenger/backend/middleware/authMiddleware.js","statementMap":{"0":{"start":{"line":3,"column":19},"end":{"line":3,"column":61}},"1":{"start":{"line":6,"column":2},"end":{"line":13,"column":4}},"2":{"start":{"line":17,"column":21},"end":{"line":17,"column":46}},"3":{"start":{"line":19,"column":2},"end":{"line":21,"column":3}},"4":{"start":{"line":20,"column":4},"end":{"line":20,"column":66}},"5":{"start":{"line":23,"column":16},"end":{"line":23,"column":40}},"6":{"start":{"line":25,"column":2},"end":{"line":32,"column":3}},"7":{"start":{"line":26,"column":20},"end":{"line":26,"column":49}},"8":{"start":{"line":27,"column":4},"end":{"line":27,"column":23}},"9":{"start":{"line":28,"column":4},"end":{"line":28,"column":11}},"10":{"start":{"line":31,"column":4},"end":{"line":31,"column":62}}},"fnMap":{"0":{"name":"generateToken","decl":{"start":{"line":5,"column":16},"end":{"line":5,"column":29}},"loc":{"start":{"line":5,"column":44},"end":{"line":14,"column":1}},"line":5},"1":{"name":"protect","decl":{"start":{"line":16,"column":16},"end":{"line":16,"column":23}},"loc":{"start":{"line":16,"column":40},"end":{"line":33,"column":1}},"line":16}},"branchMap":{"0":{"loc":{"start":{"line":3,"column":19},"end":{"line":3,"column":61}},"type":"binary-expr","locations":[{"start":{"line":3,"column":19},"end":{"line":3,"column":41}},{"start":{"line":3,"column":45},"end":{"line":3,"column":61}}],"line":3},"1":{"loc":{"start":{"line":19,"column":2},"end":{"line":21,"column":3}},"type":"if","locations":[{"start":{"line":19,"column":2},"end":{"line":21,"column":3}},{"start":{},"end":{}}],"line":19},"2":{"loc":{"start":{"line":19,"column":6},"end":{"line":19,"column":54}},"type":"binary-expr","locations":[{"start":{"line":19,"column":6},"end":{"line":19,"column":17}},{"start":{"line":19,"column":21},"end":{"line":19,"column":54}}],"line":19}},"s":{"0":4,"1":30,"2":27,"3":27,"4":5,"5":22,"6":22,"7":22,"8":21,"9":21,"10":1},"f":{"0":30,"1":27},"b":{"0":[4,4],"1":[5,22],"2":[27,22]},"inputSourceMap":null,"_coverageSchema":"1a1c01bbd47fc00a2c39e90264f33305004495a9","hash":"f4acdb0442f04079d4baba6008c6f8de1dba7487"}
,"/Users/michailsifakis/DevOps messenger project/my-messenger/backend/middleware/errorMiddleware.js": {"path":"/Users/michailsifakis/DevOps messenger project/my-messenger/backend/middleware/errorMiddleware.js","statementMap":{"0":{"start":{"line":1,"column":21},"end":{"line":4,"column":1}},"1":{"start":{"line":2,"column":21},"end":{"line":2,"column":38}},"2":{"start":{"line":3,"column":2},"end":{"line":3,"column":56}}},"fnMap":{"0":{"name":"(anonymous_0)","decl":{"start":{"line":1,"column":21},"end":{"line":1,"column":22}},"loc":{"start":{"line":1,"column":46},"end":{"line":4,"column":1}},"line":1}},"branchMap":{"0":{"loc":{"start":{"line":2,"column":21},"end":{"line":2,"column":38}},"type":"binary-expr","locations":[{"start":{"line":2,"column":21},"end":{"line":2,"column":31}},{"start":{"line":2,"column":35},"end":{"line":2,"column":38}}],"line":2}},"s":{"0":1,"1":3,"2":3},"f":{"0":3},"b":{"0":[3,1]},"inputSourceMap":null,"_coverageSchema":"1a1c01bbd47fc00a2c39e90264f33305004495a9","hash":"487368eec066275ea1a779db53d71d66673b0173"}
,"/Users/michailsifakis/DevOps messenger project/my-messenger/backend/models/Contact.js": {"path":"/Users/michailsifakis/DevOps messenger project/my-messenger/backend/models/Contact.js","statementMap":{"0":{"start":{"line":3,"column":22},"end":{"line":15,"column":2}},"1":{"start":{"line":18,"column":0},"end":{"line":18,"column":69}},"2":{"start":{"line":20,"column":16},"end":{"line":20,"column":56}}},"fnMap":{},"branchMap":{},"s":{"0":3,"1":3,"2":3},"f":{},"b":{},"inputSourceMap":null,"_coverageSchema":"1a1c01bbd47fc00a2c39e90264f33305004495a9","hash":"dbeb093d1b267a4e7f56e98a8d352727f7d9a4e1"}
,"/Users/michailsifakis/DevOps messenger project/my-messenger/backend/models/Message.js": {"path":"/Users/michailsifakis/DevOps messenger project/my-messenger/backend/models/Message.js","statementMap":{"0":{"start":{"line":3,"column":22},"end":{"line":24,"column":2}},"1":{"start":{"line":20,"column":19},"end":{"line":20,"column":29}},"2":{"start":{"line":27,"column":0},"end":{"line":27,"column":48}},"3":{"start":{"line":29,"column":16},"end":{"line":29,"column":56}}},"fnMap":{"0":{"name":"(anonymous_0)","decl":{"start":{"line":20,"column":13},"end":{"line":20,"column":14}},"loc":{"start":{"line":20,"column":19},"end":{"line":20,"column":29}},"line":20}},"branchMap":{},"s":{"0":3,"1":3,"2":3,"3":3},"f":{"0":3},"b":{},"inputSourceMap":null,"_coverageSchema":"1a1c01bbd47fc00a2c39e90264f33305004495a9","hash":"0aafeff56dbcce6e79e0d1aa4e1c055500736d77"}
,"/Users/michailsifakis/DevOps messenger project/my-messenger/backend/models/User.js": {"path":"/Users/michailsifakis/DevOps messenger project/my-messenger/backend/models/User.js","statementMap":{"0":{"start":{"line":3,"column":19},"end":{"line":23,"column":2}},"1":{"start":{"line":25,"column":13},"end":{"line":25,"column":47}}},"fnMap":{},"branchMap":{},"s":{"0":5,"1":5},"f":{},"b":{},"inputSourceMap":null,"_coverageSchema":"1a1c01bbd47fc00a2c39e90264f33305004495a9","hash":"f87bb48b764a7e821c4a0748425a63514307c07d"}
,"/Users/michailsifakis/DevOps messenger project/my-messenger/backend/routes/contactRoutes.js": {"path":"/Users/michailsifakis/DevOps messenger project/my-messenger/backend/routes/contactRoutes.js","statementMap":{"0":{"start":{"line":5,"column":15},"end":{"line":5,"column":31}},"1":{"start":{"line":8,"column":0},"end":{"line":22,"column":3}},"2":{"start":{"line":9,"column":2},"end":{"line":21,"column":3}},"3":{"start":{"line":10,"column":36},"end":{"line":10,"column":44}},"4":{"start":{"line":11,"column":4},"end":{"line":14,"column":5}},"5":{"start":{"line":12,"column":6},"end":{"line":12,"column":79}},"6":{"start":{"line":13,"column":6},"end":{"line":13,"column":13}},"7":{"start":{"line":16,"column":18},"end":{"line":16,"column":55}},"8":{"start":{"line":17,"column":4},"end":{"line":17,"column":32}},"9":{"start":{"line":19,"column":4},"end":{"line":19,"column":50}},"10":{"start":{"line":20,"column":4},"end":{"line":20,"column":62}},"11":{"start":{"line":25,"column":0},"end":{"line":39,"column":3}},"12":{"start":{"line":26,"column":2},"end":{"line":38,"column":3}},"13":{"start":{"line":27,"column":26},"end":{"line":27,"column":35}},"14":{"start":{"line":28,"column":4},"end":{"line":31,"column":5}},"15":{"start":{"line":29,"column":6},"end":{"line":29,"column":65}},"16":{"start":{"line":30,"column":6},"end":{"line":30,"column":13}},"17":{"start":{"line":33,"column":21},"end":{"line":33,"column":50}},"18":{"start":{"line":34,"column":4},"end":{"line":34,"column":23}},"19":{"start":{"line":36,"column":4},"end":{"line":36,"column":52}},"20":{"start":{"line":37,"column":4},"end":{"line":37,"column":64}},"21":{"start":{"line":42,"column":0},"end":{"line":56,"column":3}},"22":{"start":{"line":43,"column":2},"end":{"line":55,"column":3}},"23":{"start":{"line":44,"column":36},"end":{"line":44,"column":50}},"24":{"start":{"line":45,"column":4},"end":{"line":48,"column":5}},"25":{"start":{"line":46,"column":6},"end":{"line":46,"column":79}},"26":{"start":{"line":47,"column":6},"end":{"line":47,"column":13}},"27":{"start":{"line":50,"column":19},"end":{"line":50,"column":59}},"28":{"start":{"line":51,"column":4},"end":{"line":51,"column":21}},"29":{"start":{"line":53,"column":4},"end":{"line":53,"column":52}},"30":{"start":{"line":54,"column":4},"end":{"line":54,"column":64}}},"fnMap":{"0":{"name":"(anonymous_0)","decl":{"start":{"line":8,"column":26},"end":{"line":8,"column":27}},"loc":{"start":{"line":8,"column":46},"end":{"line":22,"column":1}},"line":8},"1":{"name":"(anonymous_1)","decl":{"start":{"line":25,"column":25},"end":{"line":25,"column":26}},"loc":{"start":{"line":25,"column":45},"end":{"line":39,"column":1}},"line":25},"2":{"name":"(anonymous_2)","decl":{"start":{"line":42,"column":28},"end":{"line":42,"column":29}},"loc":{"start":{"line":42,"column":48},"end":{"line":56,"column":1}},"line":42}},"branchMap":{"0":{"loc":{"start":{"line":11,"column":4},"end":{"line":14,"column":5}},"type":"if","locations":[{"start":{"line":11,"column":4},"end":{"line":14,"column":5}},{"start":{},"end":{}}],"line":11},"1":{"loc":{"start":{"line":11,"column":8},"end":{"line":11,"column":31}},"type":"binary-expr","locations":[{"start":{"line":11,"column":8},"end":{"line":11,"column":18}},{"start":{"line":11,"column":22},"end":{"line":11,"column":31}}],"line":11},"2":{"loc":{"start":{"line":28,"column":4},"end":{"line":31,"column":5}},"type":"if","locations":[{"start":{"line":28,"column":4},"end":{"line":31,"column":5}},{"start":{},"end":{}}],"line":28},"3":{"loc":{"start":{"line":44,"column":36},"end":{"line":44,"column":50}},"type":"binary-expr","locations":[{"start":{"line":44,"column":36},"end":{"line":44,"column":44}},{"start":{"line":44,"column":48},"end":{"line":44,"column":50}}],"line":44},"4":{"loc":{"start":{"line":45,"column":4},"end":{"line":48,"column":5}},"type":"if","locations":[{"start":{"line":45,"column":4},"end":{"line":48,"column":5}},{"start":{},"end":{}}],"line":45},"5":{"loc":{"start":{"line":45,"column":8},"end":{"line":45,"column":31}},"type":"binary-expr","locations":[{"start":{"line":45,"column":8},"end":{"line":45,"column":18}},{"start":{"line":45,"column":22},"end":{"line":45,"column":31}}],"line":45}},"s":{"0":1,"1":1,"2":3,"3":3,"4":3,"5":0,"6":0,"7":3,"8":3,"9":0,"10":0,"11":1,"12":1,"13":1,"14":1,"15":0,"16":0,"17":1,"18":1,"19":0,"20":0,"21":1,"22":1,"23":1,"24":1,"25":0,"26":0,"27":1,"28":1,"29":0,"30":0},"f":{"0":3,"1":1,"2":1},"b":{"0":[0,3],"1":[3,3],"2":[0,1],"3":[1,0],"4":[0,1],"5":[1,1]},"inputSourceMap":null,"_coverageSchema":"1a1c01bbd47fc00a2c39e90264f33305004495a9","hash":"c84aaff3598bccdbe84d7bbaf7136fbdc0795f44"}
,"/Users/michailsifakis/DevOps messenger project/my-messenger/backend/routes/messageRoutes.js": {"path":"/Users/michailsifakis/DevOps messenger project/my-messenger/backend/routes/messageRoutes.js","statementMap":{"0":{"start":{"line":6,"column":15},"end":{"line":6,"column":31}},"1":{"start":{"line":9,"column":0},"end":{"line":31,"column":3}},"2":{"start":{"line":10,"column":2},"end":{"line":30,"column":3}},"3":{"start":{"line":11,"column":39},"end":{"line":11,"column":47}},"4":{"start":{"line":12,"column":4},"end":{"line":15,"column":5}},"5":{"start":{"line":13,"column":6},"end":{"line":13,"column":82}},"6":{"start":{"line":14,"column":6},"end":{"line":14,"column":13}},"7":{"start":{"line":17,"column":22},"end":{"line":17,"column":32}},"8":{"start":{"line":18,"column":20},"end":{"line":18,"column":57}},"9":{"start":{"line":19,"column":25},"end":{"line":19,"column":53}},"10":{"start":{"line":21,"column":15},"end":{"line":21,"column":22}},"11":{"start":{"line":22,"column":4},"end":{"line":24,"column":5}},"12":{"start":{"line":23,"column":6},"end":{"line":23,"column":50}},"13":{"start":{"line":26,"column":4},"end":{"line":26,"column":39}},"14":{"start":{"line":28,"column":4},"end":{"line":28,"column":51}},"15":{"start":{"line":29,"column":4},"end":{"line":29,"column":63}},"16":{"start":{"line":34,"column":0},"end":{"line":48,"column":3}},"17":{"start":{"line":35,"column":2},"end":{"line":47,"column":3}},"18":{"start":{"line":36,"column":21},"end":{"line":36,"column":30}},"19":{"start":{"line":37,"column":4},"end":{"line":40,"column":5}},"20":{"start":{"line":38,"column":6},"end":{"line":38,"column":85}},"21":{"start":{"line":39,"column":6},"end":{"line":39,"column":13}},"22":{"start":{"line":42,"column":19},"end":{"line":42,"column":52}},"23":{"start":{"line":43,"column":4},"end":{"line":43,"column":21}},"24":{"start":{"line":45,"column":4},"end":{"line":45,"column":50}},"25":{"start":{"line":46,"column":4},"end":{"line":46,"column":62}},"26":{"start":{"line":51,"column":0},"end":{"line":81,"column":3}},"27":{"start":{"line":52,"column":2},"end":{"line":80,"column":3}},"28":{"start":{"line":53,"column":21},"end":{"line":53,"column":30}},"29":{"start":{"line":54,"column":4},"end":{"line":56,"column":5}},"30":{"start":{"line":55,"column":6},"end":{"line":55,"column":79}},"31":{"start":{"line":59,"column":16},"end":{"line":59,"column":36}},"32":{"start":{"line":60,"column":17},"end":{"line":60,"column":74}},"33":{"start":{"line":60,"column":33},"end":{"line":60,"column":73}},"34":{"start":{"line":62,"column":16},"end":{"line":62,"column":25}},"35":{"start":{"line":63,"column":4},"end":{"line":73,"column":5}},"36":{"start":{"line":64,"column":19},"end":{"line":64,"column":62}},"37":{"start":{"line":65,"column":23},"end":{"line":65,"column":36}},"38":{"start":{"line":66,"column":6},"end":{"line":72,"column":7}},"39":{"start":{"line":67,"column":8},"end":{"line":71,"column":11}},"40":{"start":{"line":75,"column":17},"end":{"line":75,"column":90}},"41":{"start":{"line":75,"column":56},"end":{"line":75,"column":89}},"42":{"start":{"line":76,"column":4},"end":{"line":76,"column":19}},"43":{"start":{"line":78,"column":4},"end":{"line":78,"column":57}},"44":{"start":{"line":79,"column":4},"end":{"line":79,"column":69}}},"fnMap":{"0":{"name":"(anonymous_0)","decl":{"start":{"line":9,"column":26},"end":{"line":9,"column":27}},"loc":{"start":{"line":9,"column":46},"end":{"line":31,"column":1}},"line":9},"1":{"name":"(anonymous_1)","decl":{"start":{"line":34,"column":31},"end":{"line":34,"column":32}},"loc":{"start":{"line":34,"column":51},"end":{"line":48,"column":1}},"line":34},"2":{"name":"(anonymous_2)","decl":{"start":{"line":51,"column":38},"end":{"line":51,"column":39}},"loc":{"start":{"line":51,"column":58},"end":{"line":81,"column":1}},"line":51},"3":{"name":"(anonymous_3)","decl":{"start":{"line":60,"column":28},"end":{"line":60,"column":29}},"loc":{"start":{"line":60,"column":33},"end":{"line":60,"column":73}},"line":60},"4":{"name":"(anonymous_4)","decl":{"start":{"line":75,"column":47},"end":{"line":75,"column":48}},"loc":{"start":{"line":75,"column":56},"end":{"line":75,"column":89}},"line":75}},"branchMap":{"0":{"loc":{"start":{"line":12,"column":4},"end":{"line":15,"column":5}},"type":"if","locations":[{"start":{"line":12,"column":4},"end":{"line":15,"column":5}},{"start":{},"end":{}}],"line":12},"1":{"loc":{"start":{"line":12,"column":8},"end":{"line":12,"column":37}},"type":"binary-expr","locations":[{"start":{"line":12,"column":8},"end":{"line":12,"column":17}},{"start":{"line":12,"column":21},"end":{"line":12,"column":28}},{"start":{"line":12,"column":32},"end":{"line":12,"column":37}}],"line":12},"2":{"loc":{"start":{"line":22,"column":4},"end":{"line":24,"column":5}},"type":"if","locations":[{"start":{"line":22,"column":4},"end":{"line":24,"column":5}},{"start":{},"end":{}}],"line":22},"3":{"loc":{"start":{"line":37,"column":4},"end":{"line":40,"column":5}},"type":"if","locations":[{"start":{"line":37,"column":4},"end":{"line":40,"column":5}},{"start":{},"end":{}}],"line":37},"4":{"loc":{"start":{"line":37,"column":8},"end":{"line":37,"column":16}},"type":"binary-expr","locations":[{"start":{"line":37,"column":8},"end":{"line":37,"column":10}},{"start":{"line":37,"column":14},"end":{"line":37,"column":16}}],"line":37},"5":{"loc":{"start":{"line":54,"column":4},"end":{"line":56,"column":5}},"type":"if","locations":[{"start":{"line":54,"column":4},"end":{"line":56,"column":5}},{"start":{},"end":{}}],"line":54},"6":{"loc":{"start":{"line":60,"column":33},"end":{"line":60,"column":73}},"type":"binary-expr","locations":[{"start":{"line":60,"column":33},"end":{"line":60,"column":52}},{"start":{"line":60,"column":56},"end":{"line":60,"column":73}}],"line":60},"7":{"loc":{"start":{"line":64,"column":19},"end":{"line":64,"column":62}},"type":"cond-expr","locations":[{"start":{"line":64,"column":41},"end":{"line":64,"column":49}},{"start":{"line":64,"column":52},"end":{"line":64,"column":62}}],"line":64},"8":{"loc":{"start":{"line":66,"column":6},"end":{"line":72,"column":7}},"type":"if","locations":[{"start":{"line":66,"column":6},"end":{"line":72,"column":7}},{"start":{},"end":{}}],"line":66},"9":{"loc":{"start":{"line":66,"column":10},"end":{"line":66,"column":59}},"type":"binary-expr","locations":[{"start":{"line":66,"column":10},"end":{"line":66,"column":19}},{"start":{"line":66,"column":23},"end":{"line":66,"column":59}}],"line":66}},"s":{"0":1,"1":1,"2":12,"3":12,"4":12,"5":1,"6":1,"7":11,"8":11,"9":11,"10":11,"11":11,"12":0,"13":11,"14":0,"15":0,"16":1,"17":1,"18":1,"19":1,"20":0,"21":0,"22":1,"23":1,"24":0,"25":0,"26":1,"27":2,"28":2,"29":2,"30":1,"31":1,"32":1,"33":2,"34":1,"35":1,"36":2,"37":2,"38":2,"39":2,"40":1,"41":0,"42":1,"43":0,"44":0},"f":{"0":12,"1":1,"2":2,"3":2,"4":0},"b":{"0":[1,11],"1":[12,12,11],"2":[0,11],"3":[0,1],"4":[1,1],"5":[1,1],"6":[2,1],"7":[1,1],"8":[2,0],"9":[2,1]},"inputSourceMap":null,"_coverageSchema":"1a1c01bbd47fc00a2c39e90264f33305004495a9","hash":"0c793b48f3d5dd9b4a059248225d65ef1e2b5f03"}
,"/Users/michailsifakis/DevOps messenger project/my-messenger/backend/routes/userRoutes.js": {"path":"/Users/michailsifakis/DevOps messenger project/my-messenger/backend/routes/userRoutes.js","statementMap":{"0":{"start":{"line":5,"column":15},"end":{"line":5,"column":31}},"1":{"start":{"line":8,"column":0},"end":{"line":16,"column":3}},"2":{"start":{"line":9,"column":2},"end":{"line":15,"column":3}},"3":{"start":{"line":10,"column":18},"end":{"line":10,"column":35}},"4":{"start":{"line":11,"column":4},"end":{"line":11,"column":20}},"5":{"start":{"line":14,"column":4},"end":{"line":14,"column":62}},"6":{"start":{"line":19,"column":0},"end":{"line":43,"column":3}},"7":{"start":{"line":20,"column":2},"end":{"line":42,"column":3}},"8":{"start":{"line":21,"column":32},"end":{"line":21,"column":40}},"9":{"start":{"line":22,"column":4},"end":{"line":24,"column":5}},"10":{"start":{"line":23,"column":6},"end":{"line":23,"column":82}},"11":{"start":{"line":26,"column":25},"end":{"line":26,"column":33}},"12":{"start":{"line":27,"column":20},"end":{"line":27,"column":61}},"13":{"start":{"line":28,"column":18},"end":{"line":28,"column":57}},"14":{"start":{"line":31,"column":4},"end":{"line":36,"column":7}},"15":{"start":{"line":38,"column":4},"end":{"line":40,"column":5}},"16":{"start":{"line":39,"column":6},"end":{"line":39,"column":70}},"17":{"start":{"line":41,"column":4},"end":{"line":41,"column":14}},"18":{"start":{"line":46,"column":0},"end":{"line":89,"column":3}},"19":{"start":{"line":47,"column":2},"end":{"line":88,"column":3}},"20":{"start":{"line":48,"column":32},"end":{"line":48,"column":40}},"21":{"start":{"line":49,"column":4},"end":{"line":51,"column":5}},"22":{"start":{"line":50,"column":6},"end":{"line":50,"column":82}},"23":{"start":{"line":53,"column":17},"end":{"line":53,"column":45}},"24":{"start":{"line":54,"column":4},"end":{"line":56,"column":5}},"25":{"start":{"line":55,"column":6},"end":{"line":55,"column":70}},"26":{"start":{"line":58,"column":4},"end":{"line":60,"column":5}},"27":{"start":{"line":59,"column":6},"end":{"line":59,"column":70}},"28":{"start":{"line":63,"column":4},"end":{"line":73,"column":5}},"29":{"start":{"line":64,"column":23},"end":{"line":64,"column":40}},"30":{"start":{"line":65,"column":28},"end":{"line":65,"column":82}},"31":{"start":{"line":65,"column":57},"end":{"line":65,"column":63}},"32":{"start":{"line":65,"column":74},"end":{"line":65,"column":80}},"33":{"start":{"line":67,"column":6},"end":{"line":69,"column":40}},"34":{"start":{"line":68,"column":8},"end":{"line":68,"column":70}},"35":{"start":{"line":71,"column":6},"end":{"line":71,"column":23}},"36":{"start":{"line":72,"column":6},"end":{"line":72,"column":121}},"37":{"start":{"line":75,"column":18},"end":{"line":75,"column":63}},"38":{"start":{"line":78,"column":4},"end":{"line":84,"column":7}},"39":{"start":{"line":86,"column":4},"end":{"line":86,"column":41}},"40":{"start":{"line":87,"column":4},"end":{"line":87,"column":54}}},"fnMap":{"0":{"name":"(anonymous_0)","decl":{"start":{"line":8,"column":16},"end":{"line":8,"column":17}},"loc":{"start":{"line":8,"column":36},"end":{"line":16,"column":1}},"line":8},"1":{"name":"(anonymous_1)","decl":{"start":{"line":19,"column":23},"end":{"line":19,"column":24}},"loc":{"start":{"line":19,"column":49},"end":{"line":43,"column":1}},"line":19},"2":{"name":"(anonymous_2)","decl":{"start":{"line":46,"column":22},"end":{"line":46,"column":23}},"loc":{"start":{"line":46,"column":42},"end":{"line":89,"column":1}},"line":46},"3":{"name":"(anonymous_3)","decl":{"start":{"line":65,"column":52},"end":{"line":65,"column":53}},"loc":{"start":{"line":65,"column":57},"end":{"line":65,"column":63}},"line":65},"4":{"name":"(anonymous_4)","decl":{"start":{"line":65,"column":69},"end":{"line":65,"column":70}},"loc":{"start":{"line":65,"column":74},"end":{"line":65,"column":80}},"line":65}},"branchMap":{"0":{"loc":{"start":{"line":22,"column":4},"end":{"line":24,"column":5}},"type":"if","locations":[{"start":{"line":22,"column":4},"end":{"line":24,"column":5}},{"start":{},"end":{}}],"line":22},"1":{"loc":{"start":{"line":22,"column":8},"end":{"line":22,"column":27}},"type":"binary-expr","locations":[{"start":{"line":22,"column":8},"end":{"line":22,"column":14}},{"start":{"line":22,"column":18},"end":{"line":22,"column":27}}],"line":22},"2":{"loc":{"start":{"line":38,"column":4},"end":{"line":40,"column":5}},"type":"if","locations":[{"start":{"line":38,"column":4},"end":{"line":40,"column":5}},{"start":{},"end":{}}],"line":38},"3":{"loc":{"start":{"line":49,"column":4},"end":{"line":51,"column":5}},"type":"if","locations":[{"start":{"line":49,"column":4},"end":{"line":51,"column":5}},{"start":{},"end":{}}],"line":49},"4":{"loc":{"start":{"line":49,"column":8},"end":{"line":49,"column":27}},"type":"binary-expr","locations":[{"start":{"line":49,"column":8},"end":{"line":49,"column":14}},{"start":{"line":49,"column":18},"end":{"line":49,"column":27}}],"line":49},"5":{"loc":{"start":{"line":54,"column":4},"end":{"line":56,"column":5}},"type":"if","locations":[{"start":{"line":54,"column":4},"end":{"line":56,"column":5}},{"start":{},"end":{}}],"line":54},"6":{"loc":{"start":{"line":58,"column":4},"end":{"line":60,"column":5}},"type":"if","locations":[{"start":{"line":58,"column":4},"end":{"line":60,"column":5}},{"start":{},"end":{}}],"line":58},"7":{"loc":{"start":{"line":63,"column":4},"end":{"line":73,"column":5}},"type":"if","locations":[{"start":{"line":63,"column":4},"end":{"line":73,"column":5}},{"start":{},"end":{}}],"line":63}},"s":{"0":3,"1":3,"2":1,"3":1,"4":1,"5":0,"6":3,"7":29,"8":29,"9":29,"10":1,"11":28,"12":28,"13":27,"14":27,"15":1,"16":1,"17":0,"18":3,"19":5,"20":5,"21":5,"22":2,"23":3,"24":3,"25":1,"26":2,"27":1,"28":1,"29":0,"30":0,"31":0,"32":0,"33":0,"34":0,"35":0,"36":0,"37":1,"38":1,"39":0,"40":0},"f":{"0":1,"1":29,"2":5,"3":0,"4":0},"b":{"0":[1,28],"1":[29,29],"2":[1,0],"3":[2,3],"4":[5,4],"5":[1,2],"6":[1,1],"7":[0,1]},"inputSourceMap":null,"_coverageSchema":"1a1c01bbd47fc00a2c39e90264f33305004495a9","hash":"7298a5e3a6ea4ecbc20e8537dfe9f313ead72d47"}
,"/Users/michailsifakis/DevOps messenger project/my-messenger/backend/utils/contactStore.js": {"path":"/Users/michailsifakis/DevOps messenger project/my-messenger/backend/utils/contactStore.js","statementMap":{"0":{"start":{"line":4,"column":2},"end":{"line":26,"column":3}},"1":{"start":{"line":6,"column":21},"end":{"line":6,"column":67}},"2":{"start":{"line":7,"column":4},"end":{"line":13,"column":5}},"3":{"start":{"line":8,"column":6},"end":{"line":12,"column":8}},"4":{"start":{"line":15,"column":20},"end":{"line":15,"column":56}},"5":{"start":{"line":16,"column":4},"end":{"line":16,"column":25}},"6":{"start":{"line":18,"column":4},"end":{"line":22,"column":6}},"7":{"start":{"line":24,"column":4},"end":{"line":24,"column":50}},"8":{"start":{"line":25,"column":4},"end":{"line":25,"column":16}},"9":{"start":{"line":30,"column":2},"end":{"line":40,"column":3}},"10":{"start":{"line":31,"column":21},"end":{"line":31,"column":54}},"11":{"start":{"line":32,"column":4},"end":{"line":36,"column":8}},"12":{"start":{"line":32,"column":30},"end":{"line":36,"column":5}},"13":{"start":{"line":38,"column":4},"end":{"line":38,"column":52}},"14":{"start":{"line":39,"column":4},"end":{"line":39,"column":14}},"15":{"start":{"line":44,"column":2},"end":{"line":50,"column":3}},"16":{"start":{"line":45,"column":19},"end":{"line":45,"column":67}},"17":{"start":{"line":46,"column":4},"end":{"line":46,"column":48}},"18":{"start":{"line":48,"column":4},"end":{"line":48,"column":52}},"19":{"start":{"line":49,"column":4},"end":{"line":49,"column":30}},"20":{"start":{"line":54,"column":2},"end":{"line":64,"column":3}},"21":{"start":{"line":55,"column":21},"end":{"line":55,"column":43}},"22":{"start":{"line":56,"column":4},"end":{"line":60,"column":8}},"23":{"start":{"line":56,"column":30},"end":{"line":60,"column":5}},"24":{"start":{"line":62,"column":4},"end":{"line":62,"column":52}},"25":{"start":{"line":63,"column":4},"end":{"line":63,"column":14}}},"fnMap":{"0":{"name":"addContact","decl":{"start":{"line":3,"column":22},"end":{"line":3,"column":32}},"loc":{"start":{"line":3,"column":54},"end":{"line":27,"column":1}},"line":3},"1":{"name":"listContacts","decl":{"start":{"line":29,"column":22},"end":{"line":29,"column":34}},"loc":{"start":{"line":29,"column":46},"end":{"line":41,"column":1}},"line":29},"2":{"name":"(anonymous_2)","decl":{"start":{"line":32,"column":24},"end":{"line":32,"column":25}},"loc":{"start":{"line":32,"column":30},"end":{"line":36,"column":5}},"line":32},"3":{"name":"removeContact","decl":{"start":{"line":43,"column":22},"end":{"line":43,"column":35}},"loc":{"start":{"line":43,"column":57},"end":{"line":51,"column":1}},"line":43},"4":{"name":"readContacts","decl":{"start":{"line":53,"column":22},"end":{"line":53,"column":34}},"loc":{"start":{"line":53,"column":37},"end":{"line":65,"column":1}},"line":53},"5":{"name":"(anonymous_5)","decl":{"start":{"line":56,"column":24},"end":{"line":56,"column":25}},"loc":{"start":{"line":56,"column":30},"end":{"line":60,"column":5}},"line":56}},"branchMap":{"0":{"loc":{"start":{"line":7,"column":4},"end":{"line":13,"column":5}},"type":"if","locations":[{"start":{"line":7,"column":4},"end":{"line":13,"column":5}},{"start":{},"end":{}}],"line":7}},"s":{"0":12,"1":12,"2":12,"3":1,"4":11,"5":11,"6":11,"7":0,"8":0,"9":4,"10":4,"11":4,"12":3,"13":0,"14":0,"15":3,"16":3,"17":3,"18":0,"19":0,"20":2,"21":2,"22":2,"23":2,"24":0,"25":0},"f":{"0":12,"1":4,"2":3,"3":3,"4":2,"5":2},"b":{"0":[1,11]},"inputSourceMap":null,"_coverageSchema":"1a1c01bbd47fc00a2c39e90264f33305004495a9","hash":"497c4f614ea6a15edd99b039ecc74d8e7d8707a4"}
,"/Users/michailsifakis/DevOps messenger project/my-messenger/backend/utils/messageStore.js": {"path":"/Users/michailsifakis/DevOps messenger project/my-messenger/backend/utils/messageStore.js","statementMap":{"0":{"start":{"line":6,"column":19},"end":{"line":6,"column":49}},"1":{"start":{"line":7,"column":18},"end":{"line":7,"column":42}},"2":{"start":{"line":9,"column":16},"end":{"line":9,"column":47}},"3":{"start":{"line":10,"column":25},"end":{"line":10,"column":60}},"4":{"start":{"line":13,"column":2},"end":{"line":15,"column":3}},"5":{"start":{"line":14,"column":4},"end":{"line":14,"column":47}},"6":{"start":{"line":16,"column":2},"end":{"line":18,"column":3}},"7":{"start":{"line":17,"column":4},"end":{"line":17,"column":78}},"8":{"start":{"line":22,"column":2},"end":{"line":34,"column":3}},"9":{"start":{"line":23,"column":21},"end":{"line":23,"column":43}},"10":{"start":{"line":24,"column":4},"end":{"line":30,"column":8}},"11":{"start":{"line":24,"column":30},"end":{"line":30,"column":5}},"12":{"start":{"line":32,"column":4},"end":{"line":32,"column":52}},"13":{"start":{"line":33,"column":4},"end":{"line":33,"column":14}},"14":{"start":{"line":38,"column":2},"end":{"line":38,"column":25}},"15":{"start":{"line":39,"column":2},"end":{"line":39,"column":81}},"16":{"start":{"line":43,"column":2},"end":{"line":63,"column":3}},"17":{"start":{"line":44,"column":23},"end":{"line":49,"column":6}},"18":{"start":{"line":51,"column":4},"end":{"line":51,"column":28}},"19":{"start":{"line":53,"column":4},"end":{"line":59,"column":6}},"20":{"start":{"line":61,"column":4},"end":{"line":61,"column":53}},"21":{"start":{"line":62,"column":4},"end":{"line":62,"column":16}},"22":{"start":{"line":67,"column":2},"end":{"line":85,"column":3}},"23":{"start":{"line":68,"column":21},"end":{"line":73,"column":29}},"24":{"start":{"line":75,"column":4},"end":{"line":81,"column":8}},"25":{"start":{"line":75,"column":30},"end":{"line":81,"column":5}},"26":{"start":{"line":83,"column":4},"end":{"line":83,"column":50}},"27":{"start":{"line":84,"column":4},"end":{"line":84,"column":14}}},"fnMap":{"0":{"name":"ensureDataFileExists","decl":{"start":{"line":12,"column":9},"end":{"line":12,"column":29}},"loc":{"start":{"line":12,"column":32},"end":{"line":19,"column":1}},"line":12},"1":{"name":"readMessages","decl":{"start":{"line":21,"column":22},"end":{"line":21,"column":34}},"loc":{"start":{"line":21,"column":37},"end":{"line":35,"column":1}},"line":21},"2":{"name":"(anonymous_2)","decl":{"start":{"line":24,"column":24},"end":{"line":24,"column":25}},"loc":{"start":{"line":24,"column":30},"end":{"line":30,"column":5}},"line":24},"3":{"name":"writeMessages","decl":{"start":{"line":37,"column":16},"end":{"line":37,"column":29}},"loc":{"start":{"line":37,"column":40},"end":{"line":40,"column":1}},"line":37},"4":{"name":"appendMessage","decl":{"start":{"line":42,"column":22},"end":{"line":42,"column":35}},"loc":{"start":{"line":42,"column":45},"end":{"line":64,"column":1}},"line":42},"5":{"name":"getThreadBetweenCodes","decl":{"start":{"line":66,"column":22},"end":{"line":66,"column":43}},"loc":{"start":{"line":66,"column":58},"end":{"line":86,"column":1}},"line":66},"6":{"name":"(anonymous_6)","decl":{"start":{"line":75,"column":24},"end":{"line":75,"column":25}},"loc":{"start":{"line":75,"column":30},"end":{"line":81,"column":5}},"line":75}},"branchMap":{"0":{"loc":{"start":{"line":13,"column":2},"end":{"line":15,"column":3}},"type":"if","locations":[{"start":{"line":13,"column":2},"end":{"line":15,"column":3}},{"start":{},"end":{}}],"line":13},"1":{"loc":{"start":{"line":16,"column":2},"end":{"line":18,"column":3}},"type":"if","locations":[{"start":{"line":16,"column":2},"end":{"line":18,"column":3}},{"start":{},"end":{}}],"line":16},"2":{"loc":{"start":{"line":48,"column":17},"end":{"line":48,"column":48}},"type":"binary-expr","locations":[{"start":{"line":48,"column":17},"end":{"line":48,"column":34}},{"start":{"line":48,"column":38},"end":{"line":48,"column":48}}],"line":48}},"s":{"0":2,"1":2,"2":2,"3":2,"4":0,"5":0,"6":0,"7":0,"8":3,"9":3,"10":3,"11":4,"12":0,"13":0,"14":0,"15":0,"16":20,"17":20,"18":20,"19":19,"20":1,"21":1,"22":4,"23":4,"24":4,"25":6,"26":0,"27":0},"f":{"0":0,"1":3,"2":4,"3":0,"4":20,"5":4,"6":6},"b":{"0":[0,0],"1":[0,0],"2":[20,1]},"inputSourceMap":null,"_coverageSchema":"1a1c01bbd47fc00a2c39e90264f33305004495a9","hash":"f03c943856b5c6bd88e0c25b30d0cc6d0d581131"}
,"/Users/michailsifakis/DevOps messenger project/my-messenger/backend/utils/userStore.js": {"path":"/Users/michailsifakis/DevOps messenger project/my-messenger/backend/utils/userStore.js","statementMap":{"0":{"start":{"line":4,"column":2},"end":{"line":9,"column":3}},"1":{"start":{"line":5,"column":4},"end":{"line":5,"column":31}},"2":{"start":{"line":7,"column":4},"end":{"line":7,"column":49}},"3":{"start":{"line":8,"column":4},"end":{"line":8,"column":14}},"4":{"start":{"line":13,"column":2},"end":{"line":18,"column":3}},"5":{"start":{"line":14,"column":4},"end":{"line":14,"column":62}},"6":{"start":{"line":16,"column":4},"end":{"line":16,"column":57}},"7":{"start":{"line":17,"column":4},"end":{"line":17,"column":16}},"8":{"start":{"line":22,"column":2},"end":{"line":27,"column":3}},"9":{"start":{"line":23,"column":4},"end":{"line":23,"column":40}},"10":{"start":{"line":25,"column":4},"end":{"line":25,"column":56}},"11":{"start":{"line":26,"column":4},"end":{"line":26,"column":16}},"12":{"start":{"line":31,"column":2},"end":{"line":45,"column":3}},"13":{"start":{"line":32,"column":17},"end":{"line":32,"column":52}},"14":{"start":{"line":33,"column":4},"end":{"line":37,"column":5}},"15":{"start":{"line":34,"column":22},"end":{"line":34,"column":43}},"16":{"start":{"line":35,"column":6},"end":{"line":35,"column":27}},"17":{"start":{"line":36,"column":6},"end":{"line":36,"column":21}},"18":{"start":{"line":39,"column":4},"end":{"line":39,"column":37}},"19":{"start":{"line":40,"column":4},"end":{"line":40,"column":22}},"20":{"start":{"line":41,"column":4},"end":{"line":41,"column":16}},"21":{"start":{"line":43,"column":4},"end":{"line":43,"column":50}},"22":{"start":{"line":44,"column":4},"end":{"line":44,"column":16}},"23":{"start":{"line":50,"column":19},"end":{"line":50,"column":47}},"24":{"start":{"line":51,"column":2},"end":{"line":55,"column":3}},"25":{"start":{"line":52,"column":18},"end":{"line":52,"column":50}},"26":{"start":{"line":53,"column":4},"end":{"line":53,"column":23}},"27":{"start":{"line":54,"column":4},"end":{"line":54,"column":16}},"28":{"start":{"line":59,"column":17},"end":{"line":59,"column":22}},"29":{"start":{"line":60,"column":2},"end":{"line":64,"column":3}},"30":{"start":{"line":61,"column":4},"end":{"line":61,"column":66}},"31":{"start":{"line":62,"column":25},"end":{"line":62,"column":53}},"32":{"start":{"line":63,"column":4},"end":{"line":63,"column":39}},"33":{"start":{"line":63,"column":23},"end":{"line":63,"column":39}},"34":{"start":{"line":66,"column":18},"end":{"line":70,"column":4}},"35":{"start":{"line":72,"column":2},"end":{"line":72,"column":23}},"36":{"start":{"line":73,"column":2},"end":{"line":77,"column":4}}},"fnMap":{"0":{"name":"readUsers","decl":{"start":{"line":3,"column":22},"end":{"line":3,"column":31}},"loc":{"start":{"line":3,"column":34},"end":{"line":10,"column":1}},"line":3},"1":{"name":"findUserByGmail","decl":{"start":{"line":12,"column":22},"end":{"line":12,"column":37}},"loc":{"start":{"line":12,"column":45},"end":{"line":19,"column":1}},"line":12},"2":{"name":"findUserByCode","decl":{"start":{"line":21,"column":22},"end":{"line":21,"column":36}},"loc":{"start":{"line":21,"column":43},"end":{"line":28,"column":1}},"line":21},"3":{"name":"upsertUser","decl":{"start":{"line":30,"column":22},"end":{"line":30,"column":32}},"loc":{"start":{"line":30,"column":46},"end":{"line":46,"column":1}},"line":30},"4":{"name":"createUser","decl":{"start":{"line":48,"column":22},"end":{"line":48,"column":32}},"loc":{"start":{"line":48,"column":58},"end":{"line":78,"column":1}},"line":48}},"branchMap":{"0":{"loc":{"start":{"line":33,"column":4},"end":{"line":37,"column":5}},"type":"if","locations":[{"start":{"line":33,"column":4},"end":{"line":37,"column":5}},{"start":{},"end":{}}],"line":33},"1":{"loc":{"start":{"line":51,"column":2},"end":{"line":55,"column":3}},"type":"if","locations":[{"start":{"line":51,"column":2},"end":{"line":55,"column":3}},{"start":{},"end":{}}],"line":51},"2":{"loc":{"start":{"line":63,"column":4},"end":{"line":63,"column":39}},"type":"if","locations":[{"start":{"line":63,"column":4},"end":{"line":63,"column":39}},{"start":{},"end":{}}],"line":63}},"s":{"0":3,"1":3,"2":0,"3":0,"4":42,"5":42,"6":0,"7":0,"8":1,"9":1,"10":0,"11":0,"12":0,"13":0,"14":0,"15":0,"16":0,"17":0,"18":0,"19":0,"20":0,"21":0,"22":0,"23":36,"24":36,"25":2,"26":2,"27":2,"28":34,"29":34,"30":34,"31":34,"32":34,"33":34,"34":34,"35":34,"36":34},"f":{"0":3,"1":42,"2":1,"3":0,"4":36},"b":{"0":[0,0],"1":[2,34],"2":[34,0]},"inputSourceMap":null,"_coverageSchema":"1a1c01bbd47fc00a2c39e90264f33305004495a9","hash":"5bb1579cf02e48b0e744f0acbfc47e74a0ccc42f"}
}
