{"total": {"lines":{"total":253,"covered":183,"skipped":0,"pct":72.33},"statements":{"total":262,"covered":189,"skipped":0,"pct":72.13},"functions":{"total":43,"covered":33,"skipped":0,"pct":76.74},"branches":{"total":81,"covered":61,"skipped":0,"pct":75.3},"branchesTrue":{"total":0,"covered":0,"skipped":0,"pct":100}}
,"/Users/michailsifakis/DevOps messenger project/my-messenger/backend/socket.js": {"lines":{"total":3,"covered":2,"skipped":0,"pct":66.66},"functions":{"total":2,"covered":1,"skipped":0,"pct":50},"statements":{"total":3,"covered":2,"skipped":0,"pct":66.66},"branches":{"total":0,"covered":0,"skipped":0,"pct":100}}
,"/Users/michailsifakis/DevOps messenger project/my-messenger/backend/middleware/authMiddleware.js": {"lines":{"total":11,"covered":11,"skipped":0,"pct":100},"functions":{"total":2,"covered":2,"skipped":0,"pct":100},"statements":{"total":11,"covered":11,"skipped":0,"pct":100},"branches":{"total":6,"covered":6,"skipped":0,"pct":100}}
,"/Users/michailsifakis/DevOps messenger project/my-messenger/backend/middleware/errorMiddleware.js": {"lines":{"total":3,"covered":3,"skipped":0,"pct":100},"functions":{"total":1,"covered":1,"skipped":0,"pct":100},"statements":{"total":3,"covered":3,"skipped":0,"pct":100},"branches":{"total":2,"covered":2,"skipped":0,"pct":100}}
,"/Users/michailsifakis/DevOps messenger project/my-messenger/backend/middleware/metrics.js": {"lines":{"total":18,"covered":9,"skipped":0,"pct":50},"functions":{"total":5,"covered":2,"skipped":0,"pct":40},"statements":{"total":18,"covered":9,"skipped":0,"pct":50},"branches":{"total":6,"covered":1,"skipped":0,"pct":16.66}}
,"/Users/michailsifakis/DevOps messenger project/my-messenger/backend/models/Contact.js": {"lines":{"total":3,"covered":3,"skipped":0,"pct":100},"functions":{"total":0,"covered":0,"skipped":0,"pct":100},"statements":{"total":3,"covered":3,"skipped":0,"pct":100},"branches":{"total":0,"covered":0,"skipped":0,"pct":100}}
,"/Users/michailsifakis/DevOps messenger project/my-messenger/backend/models/Message.js": {"lines":{"total":4,"covered":4,"skipped":0,"pct":100},"functions":{"total":1,"covered":1,"skipped":0,"pct":100},"statements":{"total":4,"covered":4,"skipped":0,"pct":100},"branches":{"total":0,"covered":0,"skipped":0,"pct":100}}
,"/Users/michailsifakis/DevOps messenger project/my-messenger/backend/models/User.js": {"lines":{"total":2,"covered":2,"skipped":0,"pct":100},"functions":{"total":0,"covered":0,"skipped":0,"pct":100},"statements":{"total":2,"covered":2,"skipped":0,"pct":100},"branches":{"total":0,"covered":0,"skipped":0,"pct":100}}
,"/Users/michailsifakis/DevOps messenger project/my-messenger/backend/routes/contactRoutes.js": {"lines":{"total":31,"covered":25,"skipped":0,"pct":80.64},"functions":{"total":3,"covered":3,"skipped":0,"pct":100},"statements":{"total":31,"covered":25,"skipped":0,"pct":80.64},"branches":{"total":12,"covered":11,"skipped":0,"pct":91.66}}
,"/Users/michailsifakis/DevOps messenger project/my-messenger/backend/routes/messageRoutes.js": {"lines":{"total":53,"covered":35,"skipped":0,"pct":66.03},"functions":{"total":6,"covered":4,"skipped":0,"pct":66.66},"statements":{"total":55,"covered":36,"skipped":0,"pct":65.45},"branches":{"total":25,"covered":18,"skipped":0,"pct":72}}
,"/Users/michailsifakis/DevOps messenger project/my-messenger/backend/routes/userRoutes.js": {"lines":{"total":39,"covered":29,"skipped":0,"pct":74.35},"functions":{"total":5,"covered":3,"skipped":0,"pct":60},"statements":{"total":41,"covered":29,"skipped":0,"pct":70.73},"branches":{"total":16,"covered":14,"skipped":0,"pct":87.5}}
,"/Users/michailsifakis/DevOps messenger project/my-messenger/backend/utils/contactStore.js": {"lines":{"total":24,"covered":16,"skipped":0,"pct":66.66},"functions":{"total":6,"covered":6,"skipped":0,"pct":100},"statements":{"total":26,"covered":18,"skipped":0,"pct":69.23},"branches":{"total":2,"covered":2,"skipped":0,"pct":100}}
,"/Users/michailsifakis/DevOps messenger project/my-messenger/backend/utils/messageStore.js": {"lines":{"total":26,"covered":16,"skipped":0,"pct":61.53},"functions":{"total":7,"covered":5,"skipped":0,"pct":71.42},"statements":{"total":28,"covered":18,"skipped":0,"pct":64.28},"branches":{"total":6,"covered":2,"skipped":0,"pct":33.33}}
,"/Users/michailsifakis/DevOps messenger project/my-messenger/backend/utils/userStore.js": {"lines":{"total":36,"covered":28,"skipped":0,"pct":77.77},"functions":{"total":5,"covered":5,"skipped":0,"pct":100},"statements":{"total":37,"covered":29,"skipped":0,"pct":78.37},"branches":{"total":6,"covered":5,"skipped":0,"pct":83.33}}
}
