TN:
SF:socket.js
FN:3,setIO
FN:7,getIO
FNF:2
FNH:1
FNDA:0,setIO
FNDA:11,getIO
DA:1,1
DA:4,0
DA:8,11
LF:3
LH:2
BRF:0
BRH:0
end_of_record
TN:
SF:middleware/authMiddleware.js
FN:5,generateToken
FN:16,protect
FNF:2
FNH:2
FNDA:30,generateToken
FNDA:27,protect
DA:3,4
DA:6,30
DA:17,27
DA:19,27
DA:20,5
DA:23,22
DA:25,22
DA:26,22
DA:27,21
DA:28,21
DA:31,1
LF:11
LH:11
BRDA:3,0,0,4
BRDA:3,0,1,4
BRDA:19,1,0,5
BRDA:19,1,1,22
BRDA:19,2,0,27
BRDA:19,2,1,22
BRF:6
BRH:6
end_of_record
TN:
SF:middleware/errorMiddleware.js
FN:1,(anonymous_0)
FNF:1
FNH:1
FNDA:3,(anonymous_0)
DA:1,1
DA:2,3
DA:3,3
LF:3
LH:3
BRDA:2,0,0,3
BRDA:2,0,1,1
BRF:2
BRH:2
end_of_record
TN:
SF:models/Contact.js
FNF:0
FNH:0
DA:3,3
DA:18,3
DA:20,3
LF:3
LH:3
BRF:0
BRH:0
end_of_record
TN:
SF:models/Message.js
FN:20,(anonymous_0)
FNF:1
FNH:1
FNDA:3,(anonymous_0)
DA:3,3
DA:20,3
DA:27,3
DA:29,3
LF:4
LH:4
BRF:0
BRH:0
end_of_record
TN:
SF:models/User.js
FNF:0
FNH:0
DA:3,5
DA:25,5
LF:2
LH:2
BRF:0
BRH:0
end_of_record
TN:
SF:routes/contactRoutes.js
FN:8,(anonymous_0)
FN:25,(anonymous_1)
FN:42,(anonymous_2)
FNF:3
FNH:3
FNDA:3,(anonymous_0)
FNDA:1,(anonymous_1)
FNDA:1,(anonymous_2)
DA:5,1
DA:8,1
DA:9,3
DA:10,3
DA:11,3
DA:12,0
DA:13,0
DA:16,3
DA:17,3
DA:19,0
DA:20,0
DA:25,1
DA:26,1
DA:27,1
DA:28,1
DA:29,0
DA:30,0
DA:33,1
DA:34,1
DA:36,0
DA:37,0
DA:42,1
DA:43,1
DA:44,1
DA:45,1
DA:46,0
DA:47,0
DA:50,1
DA:51,1
DA:53,0
DA:54,0
LF:31
LH:19
BRDA:11,0,0,0
BRDA:11,0,1,3
BRDA:11,1,0,3
BRDA:11,1,1,3
BRDA:28,2,0,0
BRDA:28,2,1,1
BRDA:44,3,0,1
BRDA:44,3,1,0
BRDA:45,4,0,0
BRDA:45,4,1,1
BRDA:45,5,0,1
BRDA:45,5,1,1
BRF:12
BRH:8
end_of_record
TN:
SF:routes/messageRoutes.js
FN:9,(anonymous_0)
FN:34,(anonymous_1)
FN:51,(anonymous_2)
FN:60,(anonymous_3)
FN:75,(anonymous_4)
FNF:5
FNH:4
FNDA:12,(anonymous_0)
FNDA:1,(anonymous_1)
FNDA:2,(anonymous_2)
FNDA:2,(anonymous_3)
FNDA:0,(anonymous_4)
DA:6,1
DA:9,1
DA:10,12
DA:11,12
DA:12,12
DA:13,1
DA:14,1
DA:17,11
DA:18,11
DA:19,11
DA:21,11
DA:22,11
DA:23,0
DA:26,11
DA:28,0
DA:29,0
DA:34,1
DA:35,1
DA:36,1
DA:37,1
DA:38,0
DA:39,0
DA:42,1
DA:43,1
DA:45,0
DA:46,0
DA:51,1
DA:52,2
DA:53,2
DA:54,2
DA:55,1
DA:59,1
DA:60,2
DA:62,1
DA:63,1
DA:64,2
DA:65,2
DA:66,2
DA:67,2
DA:75,1
DA:76,1
DA:78,0
DA:79,0
LF:43
LH:34
BRDA:12,0,0,1
BRDA:12,0,1,11
BRDA:12,1,0,12
BRDA:12,1,1,12
BRDA:12,1,2,11
BRDA:22,2,0,0
BRDA:22,2,1,11
BRDA:37,3,0,0
BRDA:37,3,1,1
BRDA:37,4,0,1
BRDA:37,4,1,1
BRDA:54,5,0,1
BRDA:54,5,1,1
BRDA:60,6,0,2
BRDA:60,6,1,1
BRDA:64,7,0,1
BRDA:64,7,1,1
BRDA:66,8,0,2
BRDA:66,8,1,0
BRDA:66,9,0,2
BRDA:66,9,1,1
BRF:21
BRH:18
end_of_record
TN:
SF:routes/userRoutes.js
FN:8,(anonymous_0)
FN:19,(anonymous_1)
FN:46,(anonymous_2)
FN:65,(anonymous_3)
FN:65,(anonymous_4)
FNF:5
FNH:3
FNDA:1,(anonymous_0)
FNDA:29,(anonymous_1)
FNDA:5,(anonymous_2)
FNDA:0,(anonymous_3)
FNDA:0,(anonymous_4)
DA:5,3
DA:8,3
DA:9,1
DA:10,1
DA:11,1
DA:14,0
DA:19,3
DA:20,29
DA:21,29
DA:22,29
DA:23,1
DA:26,28
DA:27,28
DA:28,27
DA:31,27
DA:38,1
DA:39,1
DA:41,0
DA:46,3
DA:47,5
DA:48,5
DA:49,5
DA:50,2
DA:53,3
DA:54,3
DA:55,1
DA:58,2
DA:59,1
DA:63,1
DA:64,0
DA:65,0
DA:67,0
DA:68,0
DA:71,0
DA:72,0
DA:75,1
DA:78,1
DA:86,0
DA:87,0
LF:39
LH:29
BRDA:22,0,0,1
BRDA:22,0,1,28
BRDA:22,1,0,29
BRDA:22,1,1,29
BRDA:38,2,0,1
BRDA:38,2,1,0
BRDA:49,3,0,2
BRDA:49,3,1,3
BRDA:49,4,0,5
BRDA:49,4,1,4
BRDA:54,5,0,1
BRDA:54,5,1,2
BRDA:58,6,0,1
BRDA:58,6,1,1
BRDA:63,7,0,0
BRDA:63,7,1,1
BRF:16
BRH:14
end_of_record
TN:
SF:utils/contactStore.js
FN:3,addContact
FN:29,listContacts
FN:32,(anonymous_2)
FN:43,removeContact
FN:53,readContacts
FN:56,(anonymous_5)
FNF:6
FNH:6
FNDA:12,addContact
FNDA:4,listContacts
FNDA:3,(anonymous_2)
FNDA:3,removeContact
FNDA:2,readContacts
FNDA:2,(anonymous_5)
DA:4,12
DA:6,12
DA:7,12
DA:8,1
DA:15,11
DA:16,11
DA:18,11
DA:24,0
DA:25,0
DA:30,4
DA:31,4
DA:32,4
DA:38,0
DA:39,0
DA:44,3
DA:45,3
DA:46,3
DA:48,0
DA:49,0
DA:54,2
DA:55,2
DA:56,2
DA:62,0
DA:63,0
LF:24
LH:16
BRDA:7,0,0,1
BRDA:7,0,1,11
BRF:2
BRH:2
end_of_record
TN:
SF:utils/messageStore.js
FN:12,ensureDataFileExists
FN:21,readMessages
FN:24,(anonymous_2)
FN:37,writeMessages
FN:42,appendMessage
FN:66,getThreadBetweenCodes
FN:75,(anonymous_6)
FNF:7
FNH:5
FNDA:0,ensureDataFileExists
FNDA:3,readMessages
FNDA:4,(anonymous_2)
FNDA:0,writeMessages
FNDA:20,appendMessage
FNDA:4,getThreadBetweenCodes
FNDA:6,(anonymous_6)
DA:6,2
DA:7,2
DA:9,2
DA:10,2
DA:13,0
DA:14,0
DA:16,0
DA:17,0
DA:22,3
DA:23,3
DA:24,4
DA:32,0
DA:33,0
DA:38,0
DA:39,0
DA:43,20
DA:44,20
DA:51,20
DA:53,19
DA:61,1
DA:62,1
DA:67,4
DA:68,4
DA:75,6
DA:83,0
DA:84,0
LF:26
LH:16
BRDA:13,0,0,0
BRDA:13,0,1,0
BRDA:16,1,0,0
BRDA:16,1,1,0
BRDA:48,2,0,20
BRDA:48,2,1,1
BRF:6
BRH:2
end_of_record
TN:
SF:utils/userStore.js
FN:3,readUsers
FN:12,findUserByGmail
FN:21,findUserByCode
FN:30,upsertUser
FN:48,createUser
FNF:5
FNH:4
FNDA:3,readUsers
FNDA:42,findUserByGmail
FNDA:1,findUserByCode
FNDA:0,upsertUser
FNDA:36,createUser
DA:4,3
DA:5,3
DA:7,0
DA:8,0
DA:13,42
DA:14,42
DA:16,0
DA:17,0
DA:22,1
DA:23,1
DA:25,0
DA:26,0
DA:31,0
DA:32,0
DA:33,0
DA:34,0
DA:35,0
DA:36,0
DA:39,0
DA:40,0
DA:41,0
DA:43,0
DA:44,0
DA:50,36
DA:51,36
DA:52,2
DA:53,2
DA:54,2
DA:59,34
DA:60,34
DA:61,34
DA:62,34
DA:63,34
DA:66,34
DA:72,34
DA:73,34
LF:36
LH:19
BRDA:33,0,0,0
BRDA:33,0,1,0
BRDA:51,1,0,2
BRDA:51,1,1,34
BRDA:63,2,0,34
BRDA:63,2,1,0
BRF:6
BRH:3
end_of_record
