TN:
SF:socket.js
FN:3,setIO
FN:7,getIO
FNF:2
FNH:1
FNDA:0,setIO
FNDA:15,getIO
DA:1,1
DA:4,0
DA:8,15
LF:3
LH:2
BRF:0
BRH:0
end_of_record
TN:
SF:middleware/authMiddleware.js
FN:5,generateToken
FN:16,protect
FNF:2
FNH:2
FNDA:40,generateToken
FNDA:38,protect
DA:3,4
DA:6,40
DA:17,38
DA:19,38
DA:20,5
DA:23,33
DA:25,33
DA:26,33
DA:27,32
DA:28,32
DA:31,1
LF:11
LH:11
BRDA:3,0,0,4
BRDA:3,0,1,4
BRDA:19,1,0,5
BRDA:19,1,1,33
BRDA:19,2,0,38
BRDA:19,2,1,33
BRF:6
BRH:6
end_of_record
TN:
SF:middleware/errorMiddleware.js
FN:1,(anonymous_0)
FNF:1
FNH:1
FNDA:3,(anonymous_0)
DA:1,1
DA:2,3
DA:3,3
LF:3
LH:3
BRDA:2,0,0,3
BRDA:2,0,1,1
BRF:2
BRH:2
end_of_record
TN:
SF:models/Contact.js
FNF:0
FNH:0
DA:3,3
DA:18,3
DA:20,3
LF:3
LH:3
BRF:0
BRH:0
end_of_record
TN:
SF:models/Message.js
FN:20,(anonymous_0)
FNF:1
FNH:1
FNDA:3,(anonymous_0)
DA:3,3
DA:20,3
DA:27,3
DA:29,3
LF:4
LH:4
BRF:0
BRH:0
end_of_record
TN:
SF:models/User.js
FNF:0
FNH:0
DA:3,5
DA:25,5
LF:2
LH:2
BRF:0
BRH:0
end_of_record
TN:
SF:routes/contactRoutes.js
FN:8,(anonymous_0)
FN:25,(anonymous_1)
FN:42,(anonymous_2)
FNF:3
FNH:3
FNDA:5,(anonymous_0)
FNDA:2,(anonymous_1)
FNDA:3,(anonymous_2)
DA:5,1
DA:8,1
DA:9,5
DA:10,5
DA:11,5
DA:12,2
DA:13,2
DA:16,3
DA:17,3
DA:19,0
DA:20,0
DA:25,1
DA:26,2
DA:27,2
DA:28,2
DA:29,1
DA:30,1
DA:33,1
DA:34,1
DA:36,0
DA:37,0
DA:42,1
DA:43,3
DA:44,3
DA:45,3
DA:46,2
DA:47,2
DA:50,1
DA:51,1
DA:53,0
DA:54,0
LF:31
LH:25
BRDA:11,0,0,2
BRDA:11,0,1,3
BRDA:11,1,0,5
BRDA:11,1,1,4
BRDA:28,2,0,1
BRDA:28,2,1,1
BRDA:44,3,0,3
BRDA:44,3,1,0
BRDA:45,4,0,2
BRDA:45,4,1,1
BRDA:45,5,0,3
BRDA:45,5,1,2
BRF:12
BRH:11
end_of_record
TN:
SF:routes/messageRoutes.js
FN:10,(anonymous_0)
FN:35,(anonymous_1)
FN:52,(anonymous_2)
FN:77,(anonymous_3)
FN:86,(anonymous_4)
FN:101,(anonymous_5)
FNF:6
FNH:4
FNDA:16,(anonymous_0)
FNDA:1,(anonymous_1)
FNDA:0,(anonymous_2)
FNDA:4,(anonymous_3)
FNDA:6,(anonymous_4)
FNDA:0,(anonymous_5)
DA:7,1
DA:10,1
DA:11,16
DA:12,16
DA:13,16
DA:14,1
DA:15,1
DA:18,15
DA:19,15
DA:20,15
DA:22,15
DA:23,15
DA:24,0
DA:27,15
DA:29,0
DA:30,0
DA:35,1
DA:36,1
DA:37,1
DA:38,1
DA:39,0
DA:40,0
DA:43,1
DA:44,1
DA:46,0
DA:47,0
DA:52,1
DA:53,0
DA:54,0
DA:55,0
DA:56,0
DA:59,0
DA:66,0
DA:71,0
DA:72,0
DA:77,1
DA:78,4
DA:79,4
DA:80,4
DA:81,1
DA:85,3
DA:86,6
DA:88,3
DA:89,3
DA:90,4
DA:91,4
DA:92,4
DA:93,4
DA:101,3
DA:102,3
DA:104,0
DA:105,0
LF:52
LH:35
BRDA:13,0,0,1
BRDA:13,0,1,15
BRDA:13,1,0,16
BRDA:13,1,1,16
BRDA:13,1,2,15
BRDA:23,2,0,0
BRDA:23,2,1,15
BRDA:38,3,0,0
BRDA:38,3,1,1
BRDA:38,4,0,1
BRDA:38,4,1,1
BRDA:55,5,0,0
BRDA:55,5,1,0
BRDA:55,6,0,0
BRDA:55,6,1,0
BRDA:80,7,0,1
BRDA:80,7,1,3
BRDA:86,8,0,6
BRDA:86,8,1,4
BRDA:90,9,0,2
BRDA:90,9,1,2
BRDA:92,10,0,4
BRDA:92,10,1,0
BRDA:92,11,0,4
BRDA:92,11,1,2
BRF:25
BRH:18
end_of_record
TN:
SF:routes/userRoutes.js
FN:8,(anonymous_0)
FN:19,(anonymous_1)
FN:46,(anonymous_2)
FN:65,(anonymous_3)
FN:65,(anonymous_4)
FNF:5
FNH:3
FNDA:1,(anonymous_0)
FNDA:39,(anonymous_1)
FNDA:5,(anonymous_2)
FNDA:0,(anonymous_3)
FNDA:0,(anonymous_4)
DA:5,3
DA:8,3
DA:9,1
DA:10,1
DA:11,1
DA:14,0
DA:19,3
DA:20,39
DA:21,39
DA:22,39
DA:23,1
DA:26,38
DA:27,38
DA:28,37
DA:31,37
DA:38,1
DA:39,1
DA:41,0
DA:46,3
DA:47,5
DA:48,5
DA:49,5
DA:50,2
DA:53,3
DA:54,3
DA:55,1
DA:58,2
DA:59,1
DA:63,1
DA:64,0
DA:65,0
DA:67,0
DA:68,0
DA:71,0
DA:72,0
DA:75,1
DA:78,1
DA:86,0
DA:87,0
LF:39
LH:29
BRDA:22,0,0,1
BRDA:22,0,1,38
BRDA:22,1,0,39
BRDA:22,1,1,39
BRDA:38,2,0,1
BRDA:38,2,1,0
BRDA:49,3,0,2
BRDA:49,3,1,3
BRDA:49,4,0,5
BRDA:49,4,1,4
BRDA:54,5,0,1
BRDA:54,5,1,2
BRDA:58,6,0,1
BRDA:58,6,1,1
BRDA:63,7,0,0
BRDA:63,7,1,1
BRF:16
BRH:14
end_of_record
TN:
SF:utils/contactStore.js
FN:3,addContact
FN:29,listContacts
FN:32,(anonymous_2)
FN:43,removeContact
FN:53,readContacts
FN:56,(anonymous_5)
FNF:6
FNH:6
FNDA:12,addContact
FNDA:4,listContacts
FNDA:3,(anonymous_2)
FNDA:3,removeContact
FNDA:2,readContacts
FNDA:2,(anonymous_5)
DA:4,12
DA:6,12
DA:7,12
DA:8,1
DA:15,11
DA:16,11
DA:18,11
DA:24,0
DA:25,0
DA:30,4
DA:31,4
DA:32,4
DA:38,0
DA:39,0
DA:44,3
DA:45,3
DA:46,3
DA:48,0
DA:49,0
DA:54,2
DA:55,2
DA:56,2
DA:62,0
DA:63,0
LF:24
LH:16
BRDA:7,0,0,1
BRDA:7,0,1,11
BRF:2
BRH:2
end_of_record
TN:
SF:utils/messageStore.js
FN:12,ensureDataFileExists
FN:21,readMessages
FN:24,(anonymous_2)
FN:37,writeMessages
FN:42,appendMessage
FN:66,getThreadBetweenCodes
FN:75,(anonymous_6)
FNF:7
FNH:5
FNDA:0,ensureDataFileExists
FNDA:5,readMessages
FNDA:8,(anonymous_2)
FNDA:0,writeMessages
FNDA:25,appendMessage
FNDA:5,getThreadBetweenCodes
FNDA:6,(anonymous_6)
DA:6,2
DA:7,2
DA:9,2
DA:10,2
DA:13,0
DA:14,0
DA:16,0
DA:17,0
DA:22,5
DA:23,5
DA:24,8
DA:32,0
DA:33,0
DA:38,0
DA:39,0
DA:43,25
DA:44,25
DA:51,25
DA:53,23
DA:61,2
DA:62,2
DA:67,5
DA:68,5
DA:75,6
DA:83,0
DA:84,0
LF:26
LH:16
BRDA:13,0,0,0
BRDA:13,0,1,0
BRDA:16,1,0,0
BRDA:16,1,1,0
BRDA:48,2,0,25
BRDA:48,2,1,2
BRF:6
BRH:2
end_of_record
TN:
SF:utils/userStore.js
FN:3,readUsers
FN:12,findUserByGmail
FN:21,findUserByCode
FN:30,upsertUser
FN:48,createUser
FNF:5
FNH:5
FNDA:3,readUsers
FNDA:53,findUserByGmail
FNDA:1,findUserByCode
FNDA:2,upsertUser
FNDA:47,createUser
DA:4,3
DA:5,3
DA:7,0
DA:8,0
DA:13,53
DA:14,53
DA:16,0
DA:17,0
DA:22,1
DA:23,1
DA:25,0
DA:26,0
DA:31,2
DA:32,2
DA:33,2
DA:34,1
DA:35,1
DA:36,1
DA:39,1
DA:40,1
DA:41,1
DA:43,0
DA:44,0
DA:50,47
DA:51,47
DA:52,2
DA:53,2
DA:54,2
DA:59,45
DA:60,45
DA:61,45
DA:62,45
DA:63,45
DA:66,45
DA:72,45
DA:73,45
LF:36
LH:28
BRDA:33,0,0,1
BRDA:33,0,1,1
BRDA:51,1,0,2
BRDA:51,1,1,45
BRDA:63,2,0,45
BRDA:63,2,1,0
BRF:6
BRH:5
end_of_record
